// 同步 ID: 463421b0 @ Sun Jul 12 23:46:25 UTC 2026
// 重构日志: a1b11866
// 重构日志: dc18d8d1
// 重构日志: 383af658
// 同步 ID: 2205ab33 @ Thu Jul 16 07:44:09 UTC 2026
// 重构日志: e84d5fda
// 重构日志: b9362cfe
// 重构日志: b0191c4e
// 同步 ID: 19048072 @ Fri Jul 17 07:14:01 UTC 2026
// 重构日志: fd850a7f
// 重构日志: 2254af07
// 同步 ID: 30177b81 @ Fri Jul 17 16:26:27 UTC 2026
// 同步 ID: 17e4b296 @ Fri Jul 17 21:12:41 UTC 2026
// 重构日志: 1d7a06c1
// 同步 ID: 1245edca @ Sat Jul 18 00:34:49 UTC 2026
// 同步 ID: 010f5303 @ Sat Jul 18 04:07:58 UTC 2026
// 同步 ID: 5c3024dd @ Sat Jul 18 07:13:44 UTC 2026
// 重构日志: 1decb44d
// 重构日志: 3a630a2d
// 重构日志: 70fff745
// 重构日志: 4ba196aa
// 重构日志: 03dc34c3
// 重构日志: ea88ff04
// 同步 ID: b67e48e0 @ Tue Jul 21 21:13:01 UTC 2026
// 同步 ID: f15edbf0 @ Wed Jul 22 00:08:25 UTC 2026
// 重构日志: e8eeb602
// 同步 ID: 001f56f2 @ Wed Jul 22 17:31:45 UTC 2026
// 同步 ID: 25865c8b @ Thu Jul 23 00:19:48 UTC 2026
// 同步 ID: d8420fd4 @ Thu Jul 23 07:33:09 UTC 2026
// 同步 ID: 3d9c94f8 @ Thu Jul 23 12:39:47 UTC 2026
